Started GET "/" for ::1 at 2020-01-06 23:06:20 -0800

PG::ConnectionBad - FATAL:  database "robinhood_clone_development" does not exist
:

Started POST "/__better_errors/35762a80ac4f292e/variables" for ::1 at 2020-01-06 23:06:21 -0800
Started GET "/" for ::1 at 2020-01-06 23:15:06 -0800

PG::ConnectionBad - FATAL:  database "robinhood_clone_development" does not exist
:

Started POST "/__better_errors/d7a77d9e023a37ee/variables" for ::1 at 2020-01-06 23:15:06 -0800
Started GET "/" for ::1 at 2020-01-07 00:03:00 -0800
Processing by StaticPagesController#root as HTML
  Rendering static_pages/root.html.erb within layouts/application
  Rendered static_pages/root.html.erb within layouts/application (1.3ms)
Completed 200 OK in 2511ms (Views: 2508.5ms | ActiveRecord: 0.0ms)


Started GET "/" for ::1 at 2020-01-07 00:03:06 -0800
Processing by StaticPagesController#root as HTML
  Rendering static_pages/root.html.erb within layouts/application
  Rendered static_pages/root.html.erb within layouts/application (0.6ms)
Completed 200 OK in 23ms (Views: 20.2ms | ActiveRecord: 0.0ms)


Started GET "/" for ::1 at 2020-01-07 00:03:06 -0800
Processing by StaticPagesController#root as HTML
  Rendering static_pages/root.html.erb within layouts/application
  Rendered static_pages/root.html.erb within layouts/application (1.3ms)
Completed 200 OK in 28ms (Views: 26.2ms | ActiveRecord: 0.0ms)


Started GET "/" for ::1 at 2020-01-07 00:03:07 -0800
Processing by StaticPagesController#root as HTML
  Rendering static_pages/root.html.erb within layouts/application
  Rendered static_pages/root.html.erb within layouts/application (0.7ms)
Completed 200 OK in 30ms (Views: 27.6ms | ActiveRecord: 0.0ms)


Started GET "/" for ::1 at 2020-01-07 09:12:08 -0800
Processing by StaticPagesController#root as HTML
  Rendering static_pages/root.html.erb within layouts/application
  Rendered static_pages/root.html.erb within layouts/application (10.6ms)
Completed 200 OK in 149ms (Views: 139.3ms | ActiveRecord: 0.0ms)


Started GET "/" for ::1 at 2020-01-07 09:13:41 -0800
Processing by StaticPagesController#root as HTML
  Rendering static_pages/root.html.erb within layouts/application
  Rendered static_pages/root.html.erb within layouts/application (0.6ms)
Completed 200 OK in 38ms (Views: 36.1ms | ActiveRecord: 0.0ms)


Started GET "/" for ::1 at 2020-01-07 09:13:42 -0800
Processing by StaticPagesController#root as HTML
  Rendering static_pages/root.html.erb within layouts/application
  Rendered static_pages/root.html.erb within layouts/application (4.0ms)
Completed 200 OK in 35ms (Views: 32.8ms | ActiveRecord: 0.0ms)


Started GET "/" for ::1 at 2020-01-07 09:13:42 -0800
Processing by StaticPagesController#root as HTML
  Rendering static_pages/root.html.erb within layouts/application
  Rendered static_pages/root.html.erb within layouts/application (0.4ms)
Completed 200 OK in 39ms (Views: 36.7ms | ActiveRecord: 0.0ms)


Started GET "/" for ::1 at 2020-01-07 09:13:42 -0800
Processing by StaticPagesController#root as HTML
  Rendering static_pages/root.html.erb within layouts/application
  Rendered static_pages/root.html.erb within layouts/application (0.3ms)
Completed 200 OK in 44ms (Views: 38.9ms | ActiveRecord: 0.0ms)


Started GET "/" for ::1 at 2020-01-07 09:20:41 -0800
Processing by StaticPagesController#root as HTML
  Rendering static_pages/root.html.erb within layouts/application
  Rendered static_pages/root.html.erb within layouts/application (0.7ms)
Completed 200 OK in 44ms (Views: 41.7ms | ActiveRecord: 0.0ms)


Started GET "/" for ::1 at 2020-01-07 09:20:41 -0800
Started GET "/" for ::1 at 2020-01-07 09:20:42 -0800
Processing by StaticPagesController#root as HTML
  Rendering static_pages/root.html.erb within layouts/application
  Rendered static_pages/root.html.erb within layouts/application (0.7ms)
Completed 200 OK in 85ms (Views: 83.1ms | ActiveRecord: 0.0ms)


Processing by StaticPagesController#root as HTML
  Rendering static_pages/root.html.erb within layouts/application
  Rendered static_pages/root.html.erb within layouts/application (0.1ms)
Started GET "/" for ::1 at 2020-01-07 09:20:42 -0800
Completed 200 OK in 47ms (Views: 44.6ms | ActiveRecord: 0.0ms)


Processing by StaticPagesController#root as HTML
  Rendering static_pages/root.html.erb within layouts/application
  Rendered static_pages/root.html.erb within layouts/application (0.4ms)
Completed 200 OK in 24ms (Views: 21.5ms | ActiveRecord: 0.0ms)


Started GET "/" for ::1 at 2020-01-07 09:20:42 -0800
Processing by StaticPagesController#root as HTML
  Rendering static_pages/root.html.erb within layouts/application
  Rendered static_pages/root.html.erb within layouts/application (0.4ms)
Completed 200 OK in 38ms (Views: 31.2ms | ActiveRecord: 0.0ms)


Started GET "/" for ::1 at 2020-01-07 09:20:42 -0800
Processing by StaticPagesController#root as HTML
  Rendering static_pages/root.html.erb within layouts/application
  Rendered static_pages/root.html.erb within layouts/application (0.5ms)
Completed 200 OK in 39ms (Views: 35.3ms | ActiveRecord: 0.0ms)


Started GET "/" for ::1 at 2020-01-07 09:20:42 -0800
Processing by StaticPagesController#root as HTML
  Rendering static_pages/root.html.erb within layouts/application
  Rendered static_pages/root.html.erb within layouts/application (0.3ms)
Completed 200 OK in 41ms (Views: 34.9ms | ActiveRecord: 0.0ms)


  [1m[35m (15.1ms)[0m  [1m[35mCREATE DATABASE "robinhood_clone_development" ENCODING = 'unicode'[0m
  ↳ bin/rails:9
  [1m[35m (1.0ms)[0m  [1m[35mCREATE DATABASE "robinhood_clone_test" ENCODING = 'unicode'[0m
  ↳ bin/rails:9
Started GET "/" for ::1 at 2020-01-07 09:27:49 -0800
Processing by StaticPagesController#root as HTML
  Rendering static_pages/root.html.erb within layouts/application
  Rendered static_pages/root.html.erb within layouts/application (1.9ms)
Completed 200 OK in 878ms (Views: 873.9ms | ActiveRecord: 0.0ms)


  [1m[35m (260.1ms)[0m  [1m[35mCREATE TABLE "schema_migrations" ("version" character varying NOT NULL PRIMARY KEY)[0m
  ↳ bin/rails:9
  [1m[35m (47.9ms)[0m  [1m[35mCREATE TABLE "ar_internal_metadata" ("key" character varying NOT NULL PRIMARY KEY, "value" character varying, "created_at" timestamp NOT NULL, "updated_at" timestamp NOT NULL)[0m
  ↳ bin/rails:9
  [1m[35m (1.9ms)[0m  [1m[34mSELECT pg_try_advisory_lock(6810190712082288300)[0m
  ↳ bin/rails:9
  [1m[35m (0.9ms)[0m  [1m[34mSELECT "schema_migrations"."version" FROM "schema_migrations" ORDER BY "schema_migrations"."version" ASC[0m
  ↳ bin/rails:9
Migrating to CreateUsers (20200107174814)
  [1m[35m (41.4ms)[0m  [1m[35mBEGIN[0m
  ↳ bin/rails:9
  [1m[35m (14.3ms)[0m  [1m[35mCREATE TABLE "users" ("id" bigserial primary key, "username" character varying NOT NULL, "email" character varying NOT NULL, "password_digest" character varying NOT NULL, "session_token" character varying NOT NULL, "created_at" timestamp NOT NULL, "updated_at" timestamp NOT NULL)[0m
  ↳ db/migrate/20200107174814_create_users.rb:3
  [1m[35m (2.8ms)[0m  [1m[35mCREATE UNIQUE INDEX  "index_users_on_username_and_email_and_session_token" ON "users"  ("username", "email", "session_token")[0m
  ↳ db/migrate/20200107174814_create_users.rb:12
  [1m[36mActiveRecord::SchemaMigration Create (4.7ms)[0m  [1m[32mINSERT INTO "schema_migrations" ("version") VALUES ($1) RETURNING "version"[0m  [["version", "20200107174814"]]
  ↳ bin/rails:9
  [1m[35m (0.7ms)[0m  [1m[35mCOMMIT[0m
  ↳ bin/rails:9
  [1m[36mActiveRecord::InternalMetadata Load (25.9ms)[0m  [1m[34mSELECT  "ar_internal_metadata".* FROM "ar_internal_metadata" WHERE "ar_internal_metadata"."key" = $1 LIMIT $2[0m  [["key", "environment"], ["LIMIT", 1]]
  ↳ bin/rails:9
  [1m[35m (0.2ms)[0m  [1m[35mBEGIN[0m
  ↳ bin/rails:9
  [1m[36mActiveRecord::InternalMetadata Create (2.0ms)[0m  [1m[32mINSERT INTO "ar_internal_metadata" ("key", "value", "created_at", "updated_at") VALUES ($1, $2, $3, $4) RETURNING "key"[0m  [["key", "environment"], ["value", "development"], ["created_at", "2020-01-07 18:03:34.429167"], ["updated_at", "2020-01-07 18:03:34.429167"]]
  ↳ bin/rails:9
  [1m[35m (0.5ms)[0m  [1m[35mCOMMIT[0m
  ↳ bin/rails:9
  [1m[35m (0.3ms)[0m  [1m[34mSELECT pg_advisory_unlock(6810190712082288300)[0m
  ↳ bin/rails:9
  [1m[35m (0.8ms)[0m  [1m[34mSELECT "schema_migrations"."version" FROM "schema_migrations" ORDER BY "schema_migrations"."version" ASC[0m
  ↳ bin/rails:9
Started GET "/" for ::1 at 2020-01-07 11:10:14 -0800
Started GET "/" for ::1 at 2020-01-07 11:10:14 -0800
  [1m[35m (1.8ms)[0m  [1m[34mSELECT "schema_migrations"."version" FROM "schema_migrations" ORDER BY "schema_migrations"."version" ASC[0m
  ↳ /Users/darrylnguyen/.rbenv/versions/2.5.1/lib/ruby/gems/2.5.0/gems/activerecord-5.2.4.1/lib/active_record/log_subscriber.rb:98
Processing by StaticPagesController#root as HTML
  Rendering static_pages/root.html.erb within layouts/application
  Rendered static_pages/root.html.erb within layouts/application (1.0ms)
Completed 200 OK in 1575ms (Views: 1572.9ms | ActiveRecord: 0.0ms)


Processing by StaticPagesController#root as HTML
  Rendering static_pages/root.html.erb within layouts/application
  Rendered static_pages/root.html.erb within layouts/application (0.1ms)
Completed 200 OK in 63ms (Views: 58.0ms | ActiveRecord: 0.0ms)


Started GET "/" for ::1 at 2020-01-07 11:10:35 -0800
Processing by StaticPagesController#root as HTML
  Rendering static_pages/root.html.erb within layouts/application
  Rendered static_pages/root.html.erb within layouts/application (0.7ms)
Completed 200 OK in 734ms (Views: 731.9ms | ActiveRecord: 0.0ms)


Started GET "/" for ::1 at 2020-01-07 11:12:25 -0800
Processing by StaticPagesController#root as HTML
  Rendering static_pages/root.html.erb within layouts/application
  Rendered static_pages/root.html.erb within layouts/application (3.2ms)
Started GET "/" for ::1 at 2020-01-07 11:12:25 -0800
Processing by StaticPagesController#root as HTML
  Rendering static_pages/root.html.erb within layouts/application
  Rendered static_pages/root.html.erb within layouts/application (0.8ms)
Started GET "/" for ::1 at 2020-01-07 11:12:25 -0800
Processing by StaticPagesController#root as HTML
  Rendering static_pages/root.html.erb within layouts/application
  Rendered static_pages/root.html.erb within layouts/application (1.0ms)
Completed 200 OK in 1410ms (Views: 1406.9ms | ActiveRecord: 0.0ms)


Completed 200 OK in 1150ms (Views: 1148.2ms | ActiveRecord: 0.0ms)


Completed 200 OK in 1232ms (Views: 1228.9ms | ActiveRecord: 0.0ms)


Started GET "/" for ::1 at 2020-01-07 13:18:18 -0800
Started GET "/" for ::1 at 2020-01-07 13:18:18 -0800
Started GET "/" for ::1 at 2020-01-07 13:18:18 -0800
Processing by StaticPagesController#root as HTML
Processing by StaticPagesController#root as HTML
Processing by StaticPagesController#root as HTML
  Rendering static_pages/root.html.erb within layouts/application
  Rendered static_pages/root.html.erb within layouts/application (9.9ms)
  Rendering static_pages/root.html.erb within layouts/application
  Rendered static_pages/root.html.erb within layouts/application (0.1ms)
  Rendering static_pages/root.html.erb within layouts/application
  Rendered static_pages/root.html.erb within layouts/application (0.1ms)
Completed 200 OK in 1510ms (Views: 1499.7ms | ActiveRecord: 0.0ms)


Completed 200 OK in 1905ms (Views: 1900.8ms | ActiveRecord: 0.0ms)


Completed 200 OK in 2184ms (Views: 2177.5ms | ActiveRecord: 0.0ms)


Started GET "/" for ::1 at 2020-01-07 13:19:02 -0800
Processing by StaticPagesController#root as HTML
  Rendering static_pages/root.html.erb within layouts/application
  Rendered static_pages/root.html.erb within layouts/application (6.5ms)
Completed 200 OK in 110ms (Views: 104.4ms | ActiveRecord: 0.0ms)


Started GET "/" for ::1 at 2020-01-07 13:19:04 -0800
Processing by StaticPagesController#root as HTML
  Rendering static_pages/root.html.erb within layouts/application
  Rendered static_pages/root.html.erb within layouts/application (0.5ms)
Completed 200 OK in 48ms (Views: 44.0ms | ActiveRecord: 0.0ms)


Started GET "/" for ::1 at 2020-01-07 13:19:05 -0800
Processing by StaticPagesController#root as HTML
  Rendering static_pages/root.html.erb within layouts/application
  Rendered static_pages/root.html.erb within layouts/application (1.6ms)
Completed 200 OK in 48ms (Views: 45.9ms | ActiveRecord: 0.0ms)


Started GET "/" for ::1 at 2020-01-07 13:19:05 -0800
Processing by StaticPagesController#root as HTML
  Rendering static_pages/root.html.erb within layouts/application
  Rendered static_pages/root.html.erb within layouts/application (0.8ms)
Started GET "/" for ::1 at 2020-01-07 13:19:05 -0800
Processing by StaticPagesController#root as HTML
Completed 200 OK in 177ms (Views: 173.7ms | ActiveRecord: 0.0ms)


  Rendering static_pages/root.html.erb within layouts/application
  Rendered static_pages/root.html.erb within layouts/application (12.5ms)
Completed 200 OK in 110ms (Views: 95.9ms | ActiveRecord: 0.0ms)


Started GET "/" for ::1 at 2020-01-07 13:26:13 -0800
Processing by StaticPagesController#root as HTML
  Rendering static_pages/root.html.erb within layouts/application
  Rendered static_pages/root.html.erb within layouts/application (4.8ms)
Started GET "/" for ::1 at 2020-01-07 13:26:13 -0800
Processing by StaticPagesController#root as HTML
  Rendering static_pages/root.html.erb within layouts/application
  Rendered static_pages/root.html.erb within layouts/application (2.8ms)
Completed 200 OK in 990ms (Views: 988.4ms | ActiveRecord: 0.0ms)


Completed 200 OK in 1614ms (Views: 1608.7ms | ActiveRecord: 0.0ms)


Started GET "/" for ::1 at 2020-01-07 13:26:17 -0800
Processing by StaticPagesController#root as HTML
  Rendering static_pages/root.html.erb within layouts/application
  Rendered static_pages/root.html.erb within layouts/application (0.5ms)
Completed 200 OK in 28ms (Views: 26.5ms | ActiveRecord: 0.0ms)


